0 info it worked if it ends with ok
1 verbose cli [ '/usr/local/bin/node', '/usr/local/bin/npm', 'link' ]
2 info using npm@1.2.32
3 info using node@v0.10.12
4 verbose linkPkg /home/sarah/WebstormProjects/Yummyyy
5 verbose read json /home/sarah/WebstormProjects/Yummyyy/package.json
6 warn package.json Yummy@0.0.1 No repository field.
7 error Error: EACCES, symlink '/home/sarah/WebstormProjects/Yummyyy'
7 error  { [Error: EACCES, symlink '/home/sarah/WebstormProjects/Yummyyy']
7 error   errno: 3,
7 error   code: 'EACCES',
7 error   path: '/home/sarah/WebstormProjects/Yummyyy' }
8 error Please try running this command again as root/Administrator.
9 error System Linux 3.2.0-48-generic-pae
10 error command "/usr/local/bin/node" "/usr/local/bin/npm" "link"
11 error cwd /home/sarah/WebstormProjects/Yummyyy
12 error node -v v0.10.12
13 error npm -v 1.2.32
14 error path /home/sarah/WebstormProjects/Yummyyy
15 error code EACCES
16 error errno 3
17 error stack Error: EACCES, symlink '/home/sarah/WebstormProjects/Yummyyy'
18 verbose exit [ 3, true ]
